# JRE version: OpenJDK Runtime Environment (8.0_242-b01) (build 1.8.0_242-release-1644-b01)
# Java VM: OpenJDK 64-Bit Server VM (25.242-b01 mixed mode windows-amd64 compressed oops)
Heap:
 PSYoungGen      total 538112K, used 193205K [0x00000000d5580000, 0x0000000100000000, 0x0000000100000000)
  eden space 379904K, 50% used [0x00000000d5580000,0x00000000e122d448,0x00000000ec880000)
  from space 158208K, 0% used [0x00000000ec880000,0x00000000ec880000,0x00000000f6300000)
  to   space 159744K, 0% used [0x00000000f6400000,0x00000000f6400000,0x0000000100000000)
 ParOldGen       total 323584K, used 72460K [0x0000000080000000, 0x0000000093c00000, 0x00000000d5580000)
  object space 323584K, 22% used [0x0000000080000000,0x00000000846c32c8,0x0000000093c00000)
 Metaspace       used 110157K, capacity 116124K, committed 116248K, reserved 1150976K
  class space    used 14219K, capacity 15356K, committed 15400K, reserved 1048576K
GC Heap History (10 events):
Event: 473.518 GC heap before
{Heap before GC invocations=30 (full 5):
 PSYoungGen      total 445952K, used 445948K [0x00000000d5580000, 0x0000000100000000, 0x0000000100000000)
  eden space 352256K, 100% used [0x00000000d5580000,0x00000000ead80000,0x00000000ead80000)
  from space 93696K, 99% used [0x00000000f3680000,0x00000000f91ff368,0x00000000f9200000)
  to   space 140288K, 0% used [0x00000000ead80000,0x00000000ead80000,0x00000000f3680000)
 ParOldGen       total 323584K, used 149999K [0x0000000080000000, 0x0000000093c00000, 0x00000000d5580000)
  object space 323584K, 46% used [0x0000000080000000,0x000000008927bc80,0x0000000093c00000)
 Metaspace       used 99581K, capacity 104868K, committed 104984K, reserved 1140736K
  class space    used 12852K, capacity 13858K, committed 13864K, reserved 1048576K
Event: 473.742 GC heap after
Heap after GC invocations=30 (full 5):
 PSYoungGen      total 492544K, used 130935K [0x00000000d5580000, 0x0000000100000000, 0x0000000100000000)
  eden space 352256K, 0% used [0x00000000d5580000,0x00000000d5580000,0x00000000ead80000)
  from space 140288K, 93% used [0x00000000ead80000,0x00000000f2d5dc00,0x00000000f3680000)
  to   space 160768K, 0% used [0x00000000f6300000,0x00000000f6300000,0x0000000100000000)
 ParOldGen       total 323584K, used 149999K [0x0000000080000000, 0x0000000093c00000, 0x00000000d5580000)
  object space 323584K, 46% used [0x0000000080000000,0x000000008927bc80,0x0000000093c00000)
 Metaspace       used 99581K, capacity 104868K, committed 104984K, reserved 1140736K
  class space    used 12852K, capacity 13858K, committed 13864K, reserved 1048576K
}
Event: 475.292 GC heap before
{Heap before GC invocations=31 (full 5):
 PSYoungGen      total 492544K, used 355438K [0x00000000d5580000, 0x0000000100000000, 0x0000000100000000)
  eden space 352256K, 63% used [0x00000000d5580000,0x00000000e30bdfc0,0x00000000ead80000)
  from space 140288K, 93% used [0x00000000ead80000,0x00000000f2d5dc00,0x00000000f3680000)
  to   space 160768K, 0% used [0x00000000f6300000,0x00000000f6300000,0x0000000100000000)
 ParOldGen       total 323584K, used 149999K [0x0000000080000000, 0x0000000093c00000, 0x00000000d5580000)
  object space 323584K, 46% used [0x0000000080000000,0x000000008927bc80,0x0000000093c00000)
 Metaspace       used 99601K, capacity 104890K, committed 104984K, reserved 1140736K
  class space    used 12853K, capacity 13861K, committed 13864K, reserved 1048576K
Event: 475.438 GC heap after
Heap after GC invocations=31 (full 5):
 PSYoungGen      total 540672K, used 82108K [0x00000000d5580000, 0x0000000100000000, 0x0000000100000000)
  eden space 379904K, 0% used [0x00000000d5580000,0x00000000d5580000,0x00000000ec880000)
  from space 160768K, 51% used [0x00000000f6300000,0x00000000fb32f118,0x0000000100000000)
  to   space 158208K, 0% used [0x00000000ec880000,0x00000000ec880000,0x00000000f6300000)
 ParOldGen       total 323584K, used 150007K [0x0000000080000000, 0x0000000093c00000, 0x00000000d5580000)
  object space 323584K, 46% used [0x0000000080000000,0x000000008927dc80,0x0000000093c00000)
 Metaspace       used 99601K, capacity 104890K, committed 104984K, reserved 1140736K
  class space    used 12853K, capacity 13861K, committed 13864K, reserved 1048576K
}
Event: 475.438 GC heap before
{Heap before GC invocations=32 (full 6):
 PSYoungGen      total 540672K, used 82108K [0x00000000d5580000, 0x0000000100000000, 0x0000000100000000)
  eden space 379904K, 0% used [0x00000000d5580000,0x00000000d5580000,0x00000000ec880000)
  from space 160768K, 51% used [0x00000000f6300000,0x00000000fb32f118,0x0000000100000000)
  to   space 158208K, 0% used [0x00000000ec880000,0x00000000ec880000,0x00000000f6300000)
 ParOldGen       total 323584K, used 150007K [0x0000000080000000, 0x0000000093c00000, 0x00000000d5580000)
  object space 323584K, 46% used [0x0000000080000000,0x000000008927dc80,0x0000000093c00000)
 Metaspace       used 99601K, capacity 104890K, committed 104984K, reserved 1140736K
  class space    used 12853K, capacity 13861K, committed 13864K, reserved 1048576K
Event: 476.171 GC heap after
Heap after GC invocations=32 (full 6):
 PSYoungGen      total 540672K, used 0K [0x00000000d5580000, 0x0000000100000000, 0x0000000100000000)
  eden space 379904K, 0% used [0x00000000d5580000,0x00000000d5580000,0x00000000ec880000)
  from space 160768K, 0% used [0x00000000f6300000,0x00000000f6300000,0x0000000100000000)
  to   space 158208K, 0% used [0x00000000ec880000,0x00000000ec880000,0x00000000f6300000)
 ParOldGen       total 323584K, used 72502K [0x0000000080000000, 0x0000000093c00000, 0x00000000d5580000)
  object space 323584K, 22% used [0x0000000080000000,0x00000000846cd828,0x0000000093c00000)
 Metaspace       used 99271K, capacity 104370K, committed 104984K, reserved 1140736K
  class space    used 12805K, capacity 13773K, committed 13864K, reserved 1048576K
}
Event: 476.205 GC heap before
{Heap before GC invocations=33 (full 6):
 PSYoungGen      total 540672K, used 2162K [0x00000000d5580000, 0x0000000100000000, 0x0000000100000000)
  eden space 379904K, 0% used [0x00000000d5580000,0x00000000d579c810,0x00000000ec880000)
  from space 160768K, 0% used [0x00000000f6300000,0x00000000f6300000,0x0000000100000000)
  to   space 158208K, 0% used [0x00000000ec880000,0x00000000ec880000,0x00000000f6300000)
 ParOldGen       total 323584K, used 72502K [0x0000000080000000, 0x0000000093c00000, 0x00000000d5580000)
  object space 323584K, 22% used [0x0000000080000000,0x00000000846cd828,0x0000000093c00000)
 Metaspace       used 99271K, capacity 104370K, committed 104984K, reserved 1140736K
  class space    used 12805K, capacity 13773K, committed 13864K, reserved 1048576K
Event: 476.209 GC heap after
Heap after GC invocations=33 (full 6):
 PSYoungGen      total 538112K, used 96K [0x00000000d5580000, 0x0000000100000000, 0x0000000100000000)
  eden space 379904K, 0% used [0x00000000d5580000,0x00000000d5580000,0x00000000ec880000)
  from space 158208K, 0% used [0x00000000ec880000,0x00000000ec898000,0x00000000f6300000)
  to   space 159744K, 0% used [0x00000000f6400000,0x00000000f6400000,0x0000000100000000)
 ParOldGen       total 323584K, used 72502K [0x0000000080000000, 0x0000000093c00000, 0x00000000d5580000)
  object space 323584K, 22% used [0x0000000080000000,0x00000000846cd828,0x0000000093c00000)
 Metaspace       used 99271K, capacity 104370K, committed 104984K, reserved 1140736K
  class space    used 12805K, capacity 13773K, committed 13864K, reserved 1048576K
}
Event: 476.209 GC heap before
{Heap before GC invocations=34 (full 7):
 PSYoungGen      total 538112K, used 96K [0x00000000d5580000, 0x0000000100000000, 0x0000000100000000)
  eden space 379904K, 0% used [0x00000000d5580000,0x00000000d5580000,0x00000000ec880000)
  from space 158208K, 0% used [0x00000000ec880000,0x00000000ec898000,0x00000000f6300000)
  to   space 159744K, 0% used [0x00000000f6400000,0x00000000f6400000,0x0000000100000000)
 ParOldGen       total 323584K, used 72502K [0x0000000080000000, 0x0000000093c00000, 0x00000000d5580000)
  object space 323584K, 22% used [0x0000000080000000,0x00000000846cd828,0x0000000093c00000)
 Metaspace       used 99271K, capacity 104370K, committed 104984K, reserved 1140736K
  class space    used 12805K, capacity 13773K, committed 13864K, reserved 1048576K
Event: 476.623 GC heap after
Heap after GC invocations=34 (full 7):
 PSYoungGen      total 538112K, used 0K [0x00000000d5580000, 0x0000000100000000, 0x0000000100000000)
  eden space 379904K, 0% used [0x00000000d5580000,0x00000000d5580000,0x00000000ec880000)
  from space 158208K, 0% used [0x00000000ec880000,0x00000000ec880000,0x00000000f6300000)
  to   space 159744K, 0% used [0x00000000f6400000,0x00000000f6400000,0x0000000100000000)
 ParOldGen       total 323584K, used 72460K [0x0000000080000000, 0x0000000093c00000, 0x00000000d5580000)
  object space 323584K, 22% used [0x0000000080000000,0x00000000846c32c8,0x0000000093c00000)
 Metaspace       used 99271K, capacity 104370K, committed 104984K, reserved 1140736K
  class space    used 12805K, capacity 13773K, committed 13864K, reserved 1048576K
}

